<?xml version="1.0" encoding="utf-8"?><testsuites name="pytest tests"><testsuite name="pytest" errors="0" failures="0" skipped="0" tests="11" time="1.038" timestamp="2026-05-23T21:56:30.278595+00:00" hostname="agent-env-370de276-746b-47cb-b5bb-f647f2dcf13e"><testcase classname="backend.tests.test_api" name="test_health" time="0.293" /><testcase classname="backend.tests.test_api" name="test_list_projects" time="0.053" /><testcase classname="backend.tests.test_api" name="test_get_project_by_slug[chandan-valley]" time="0.055" /><testcase classname="backend.tests.test_api" name="test_get_project_by_slug[doctors-colony]" time="0.053" /><testcase classname="backend.tests.test_api" name="test_get_project_by_slug[golden-palm-city]" time="0.051" /><testcase classname="backend.tests.test_api" name="test_get_project_by_slug[vantage-farms]" time="0.052" /><testcase classname="backend.tests.test_api" name="test_get_project_invalid_slug" time="0.051" /><testcase classname="backend.tests.test_api" name="test_create_inquiry_and_list" time="0.109" /><testcase classname="backend.tests.test_api" name="test_create_inquiry_minimal" time="0.057" /><testcase classname="backend.tests.test_api" name="test_create_inquiry_validation_missing_phone" time="0.052" /><testcase classname="backend.tests.test_api" name="test_create_inquiry_validation_missing_name" time="0.050" /></testsuite></testsuites>