<?xml version="1.0" encoding="utf-8"?><testsuites name="pytest tests"><testsuite name="pytest" errors="0" failures="0" skipped="0" tests="16" time="1.614" timestamp="2026-05-23T22:33:03.515859+00:00" hostname="agent-env-370de276-746b-47cb-b5bb-f647f2dcf13e"><testcase classname="backend.tests.test_api" name="test_health" time="0.276" /><testcase classname="backend.tests.test_api" name="test_list_projects" time="0.050" /><testcase classname="backend.tests.test_api" name="test_get_project_by_slug[chandan-valley]" time="0.045" /><testcase classname="backend.tests.test_api" name="test_get_project_by_slug[doctors-colony]" time="0.049" /><testcase classname="backend.tests.test_api" name="test_get_project_by_slug[golden-palm-city]" time="0.044" /><testcase classname="backend.tests.test_api" name="test_get_project_by_slug[vantage-farms]" time="0.046" /><testcase classname="backend.tests.test_api" name="test_get_project_invalid_slug" time="0.044" /><testcase classname="backend.tests.test_api" name="test_create_inquiry_and_list" time="0.096" /><testcase classname="backend.tests.test_api" name="test_create_inquiry_minimal" time="0.043" /><testcase classname="backend.tests.test_api" name="test_create_inquiry_validation_missing_phone" time="0.050" /><testcase classname="backend.tests.test_api" name="test_create_inquiry_validation_missing_name" time="0.468" /><testcase classname="backend.tests.test_api" name="test_golden_palm_city_extended_fields" time="0.049" /><testcase classname="backend.tests.test_api" name="test_all_slugs_have_extended_schema_keys[chandan-valley]" time="0.045" /><testcase classname="backend.tests.test_api" name="test_all_slugs_have_extended_schema_keys[doctors-colony]" time="0.043" /><testcase classname="backend.tests.test_api" name="test_all_slugs_have_extended_schema_keys[golden-palm-city]" time="0.050" /><testcase classname="backend.tests.test_api" name="test_all_slugs_have_extended_schema_keys[vantage-farms]" time="0.046" /></testsuite></testsuites>